<?xml version="1.0" encoding="UTF-8"?>
<!-- Generated by org.testng.reporters.JUnitReportReporter -->
<testsuite hostname="DESKTOP-VET6UUR" failures="0" tests="1" name="test.BaseClass" time="108.298" errors="0" timestamp="2022-10-16T21:34:21 IST" skipped="0">
  <testcase classname="test.BaseClass" name="Gallery" time="108.298"/>
  <system-out/>
</testsuite> <!-- test.BaseClass -->
