<?xml version="1.0" encoding="UTF-8"?>
<!-- Generated by org.testng.reporters.JUnitReportReporter -->
<testsuite hostname="DESKTOP-VET6UUR" failures="0" tests="1" name="test.BaseClass" time="112.040" errors="0" timestamp="2022-10-09T22:26:49 IST" skipped="0">
  <testcase classname="test.BaseClass" name="Gallery" time="112.040"/>
  <system-out/>
</testsuite> <!-- test.BaseClass -->
