<?xml version="1.0" encoding="UTF-8"?>
<!-- Generated by org.testng.reporters.JUnitReportReporter -->
<testsuite hostname="DESKTOP-VET6UUR" failures="0" tests="1" name="test.BaseClass" time="81.792" errors="0" timestamp="2022-12-04T09:52:50 IST" skipped="0">
  <testcase classname="test.BaseClass" name="PlayMatch" time="81.792"/>
  <system-out/>
</testsuite> <!-- test.BaseClass -->
