<?xml version="1.0" encoding="UTF-8"?>
<!-- Generated by org.testng.reporters.JUnitReportReporter -->
<testsuite hostname="DESKTOP-VET6UUR" failures="0" tests="1" name="test.BaseClass" time="11.229" errors="0" timestamp="2022-11-07T09:29:55 IST" skipped="0">
  <testcase classname="test.BaseClass" name="VerifyMobileNumber" time="11.229"/>
  <system-out/>
</testsuite> <!-- test.BaseClass -->
