<?xml version="1.0" encoding="UTF-8"?>
<!-- Generated by org.testng.reporters.JUnitReportReporter -->
<testsuite hostname="DESKTOP-VET6UUR" failures="0" tests="1" name="test.BaseClass" time="36.110" errors="0" timestamp="2022-11-01T08:56:08 IST" skipped="0">
  <testcase classname="test.BaseClass" name="VerifyProfileWeightValidation" time="36.110"/>
  <system-out/>
</testsuite> <!-- test.BaseClass -->
