<?xml version="1.0" encoding="UTF-8"?>
<!-- Generated by org.testng.reporters.JUnitReportReporter -->
<testsuite hostname="DESKTOP-VET6UUR" failures="0" tests="1" name="test.BaseClass" time="69.061" errors="0" timestamp="2022-11-09T09:17:58 IST" skipped="0">
  <testcase classname="test.BaseClass" name="CreateTournamentMandatoryFieldsValidation" time="69.061"/>
  <system-out/>
</testsuite> <!-- test.BaseClass -->
