<?xml version="1.0" encoding="UTF-8"?>
<!-- Generated by org.testng.reporters.JUnitReportReporter -->
<testsuite hostname="DESKTOP-VET6UUR" failures="0" tests="1" name="test.BaseClass" time="156.386" errors="0" timestamp="2022-11-26T16:57:51 IST" skipped="0">
  <testcase classname="test.BaseClass" name="DuplicateTeamNameValidation" time="156.386"/>
  <system-out/>
</testsuite> <!-- test.BaseClass -->
