<?xml version="1.0" encoding="UTF-8"?>
<!-- Generated by org.testng.reporters.JUnitReportReporter -->
<testsuite hostname="DESKTOP-VET6UUR" failures="0" tests="1" name="test.BaseClass" time="20.708" errors="0" timestamp="2022-11-07T08:53:09 IST" skipped="0">
  <testcase classname="test.BaseClass" name="VerifyInvalidOTP" time="20.708"/>
  <system-out/>
</testsuite> <!-- test.BaseClass -->
