<?xml version="1.0" encoding="UTF-8"?>
<!-- Generated by org.testng.reporters.JUnitReportReporter -->
<testsuite hostname="DESKTOP-VET6UUR" failures="0" tests="1" name="test.BaseClass" time="327.940" errors="0" timestamp="2022-11-22T22:56:37 IST" skipped="0">
  <testcase classname="test.BaseClass" name="StartSchedualMatch" time="327.940"/>
  <system-out/>
</testsuite> <!-- test.BaseClass -->
