<?xml version="1.0" encoding="UTF-8"?>
<!-- Generated by org.testng.reporters.JUnitReportReporter -->
<testsuite hostname="DESKTOP-VET6UUR" failures="0" tests="1" name="test.BaseClass" time="176.361" errors="0" timestamp="2022-11-13T12:14:13 IST" skipped="0">
  <testcase classname="test.BaseClass" name="EditTournament" time="176.361"/>
  <system-out/>
</testsuite> <!-- test.BaseClass -->
