<?xml version="1.0" encoding="UTF-8"?>
<!-- Generated by org.testng.reporters.JUnitReportReporter -->
<testsuite hostname="DESKTOP-VET6UUR" failures="0" tests="1" name="test.BaseClass" time="36.525" errors="0" timestamp="2022-11-08T09:19:48 IST" skipped="0">
  <testcase classname="test.BaseClass" name="FirstTimeLoginFieldsLengthVerification" time="36.525"/>
  <system-out/>
</testsuite> <!-- test.BaseClass -->
