<?xml version="1.0" encoding="UTF-8"?>
<!-- Generated by org.testng.reporters.JUnitReportReporter -->
<testsuite hostname="DESKTOP-VET6UUR" failures="0" tests="1" name="test.BaseClass" time="89.400" errors="0" timestamp="2022-08-21T21:49:35 IST" skipped="0">
  <testcase classname="test.BaseClass" name="AddPlayersInTeamFieldValidations" time="89.400"/>
  <system-out/>
</testsuite> <!-- test.BaseClass -->
