<?xml version="1.0" encoding="UTF-8"?>
<!-- Generated by org.testng.reporters.JUnitReportReporter -->
<testsuite hostname="DESKTOP-VET6UUR" failures="0" tests="1" name="test.BaseClass" time="4.097" errors="0" timestamp="2022-09-10T11:04:09 IST" skipped="0">
  <testcase classname="test.BaseClass" name="internetOffTest" time="4.097"/>
  <system-out/>
</testsuite> <!-- test.BaseClass -->
