<?xml version="1.0" encoding="UTF-8"?>
<!-- Generated by org.testng.reporters.JUnitReportReporter -->
<testsuite hostname="DESKTOP-VET6UUR" failures="0" tests="1" name="test.BaseClass" time="135.320" errors="0" timestamp="2022-09-13T00:04:29 IST" skipped="0">
  <testcase classname="test.BaseClass" name="CreateTeamPaeValidation" time="135.320"/>
  <system-out/>
</testsuite> <!-- test.BaseClass -->
