<?xml version="1.0" encoding="UTF-8"?>
<!-- Generated by org.testng.reporters.JUnitReportReporter -->
<testsuite hostname="DESKTOP-VET6UUR" failures="0" tests="1" name="test.BaseClass" time="65.467" errors="0" timestamp="2022-10-30T18:55:31 IST" skipped="0">
  <testcase classname="test.BaseClass" name="Profile" time="65.467"/>
  <system-out/>
</testsuite> <!-- test.BaseClass -->
