<?xml version="1.0" encoding="UTF-8"?>
<!-- Generated by org.testng.reporters.JUnitReportReporter -->
<testsuite hostname="DESKTOP-VET6UUR" failures="0" tests="1" name="test.BaseClass" time="75.425" errors="0" timestamp="2022-09-13T09:52:51 IST" skipped="0">
  <testcase classname="test.BaseClass" name="AddPlayersInTeamFieldValidations" time="75.425"/>
  <system-out/>
</testsuite> <!-- test.BaseClass -->
