<?xml version="1.0" encoding="UTF-8"?>
<!-- Generated by org.testng.reporters.JUnitReportReporter -->
<testsuite hostname="DESKTOP-VET6UUR" failures="0" tests="1" name="test.BaseClass" time="137.264" errors="0" timestamp="2022-11-05T16:16:10 IST" skipped="0">
  <testcase classname="test.BaseClass" name="Gallery" time="137.264"/>
  <system-out/>
</testsuite> <!-- test.BaseClass -->
