<?xml version="1.0" encoding="UTF-8"?>
<!-- Generated by org.testng.reporters.JUnitReportReporter -->
<testsuite hostname="DESKTOP-VET6UUR" failures="0" tests="1" name="test.BaseClass" time="41.330" errors="0" timestamp="2022-10-29T17:46:19 IST" skipped="0">
  <testcase classname="test.BaseClass" name="Profile" time="41.330"/>
  <system-out/>
</testsuite> <!-- test.BaseClass -->
