<?xml version="1.0" encoding="UTF-8"?>
<!-- Generated by org.testng.reporters.JUnitReportReporter -->
<testsuite hostname="DESKTOP-VET6UUR" failures="0" tests="1" name="test.BaseClass" time="54.715" errors="0" timestamp="2022-11-13T10:46:10 IST" skipped="0">
  <testcase classname="test.BaseClass" name="CreateTournamentVerifyFieldSMaximumLengthValidation" time="54.715"/>
  <system-out/>
</testsuite> <!-- test.BaseClass -->
