<?xml version="1.0" encoding="UTF-8"?>
<!-- Generated by org.testng.reporters.JUnitReportReporter -->
<testsuite hostname="DESKTOP-VET6UUR" failures="0" tests="1" name="test.BaseClass" time="38.399" errors="0" timestamp="2022-11-10T08:46:11 IST" skipped="0">
  <testcase classname="test.BaseClass" name="CreateTournamentFieldsIconValidation" time="38.399"/>
  <system-out/>
</testsuite> <!-- test.BaseClass -->
