<?xml version="1.0" encoding="UTF-8"?>
<!-- Generated by org.testng.reporters.JUnitReportReporter -->
<testsuite hostname="DESKTOP-VET6UUR" failures="0" tests="1" name="test.BaseClass" time="32.461" errors="0" timestamp="2022-12-10T15:10:28 IST" skipped="0">
  <testcase classname="test.BaseClass" name="internetOffTest" time="32.461"/>
  <system-out/>
</testsuite> <!-- test.BaseClass -->
