<?xml version="1.0" encoding="UTF-8"?>
<!-- Generated by org.testng.reporters.JUnitReportReporter -->
<testsuite hostname="DESKTOP-VET6UUR" failures="0" tests="1" name="test.BaseClass" time="160.852" errors="0" timestamp="2022-11-26T15:34:41 IST" skipped="0">
  <testcase classname="test.BaseClass" name="CreateTeamPageTeamNameLengthValidation" time="160.852"/>
  <system-out/>
</testsuite> <!-- test.BaseClass -->
