<?xml version="1.0" encoding="UTF-8"?>
<!-- Generated by org.testng.reporters.JUnitReportReporter -->
<testsuite hostname="DESKTOP-VET6UUR" failures="0" tests="1" name="test.BaseClass" time="135.693" errors="0" timestamp="2022-10-16T20:31:46 IST" skipped="0">
  <testcase classname="test.BaseClass" name="CreateTournament" time="135.693"/>
  <system-out/>
</testsuite> <!-- test.BaseClass -->
