<?xml version="1.0" encoding="UTF-8"?>
<!-- Generated by org.testng.reporters.JUnitReportReporter -->
<testsuite hostname="DESKTOP-VET6UUR" failures="0" tests="1" name="test.BaseClass" time="45.871" errors="0" timestamp="2022-10-11T07:08:13 IST" skipped="0">
  <testcase classname="test.BaseClass" name="Toss" time="45.871"/>
  <system-out/>
</testsuite> <!-- test.BaseClass -->
