<?xml version="1.0" encoding="UTF-8"?>
<!-- Generated by org.testng.reporters.JUnitReportReporter -->
<testsuite hostname="DESKTOP-VET6UUR" failures="0" tests="1" name="test.BaseClass" time="55.071" errors="0" timestamp="2022-11-10T09:09:55 IST" skipped="0">
  <testcase classname="test.BaseClass" name="CreateTournamentVerifyFieldSMaximumLengthValidation" time="55.071"/>
  <system-out/>
</testsuite> <!-- test.BaseClass -->
