<?xml version="1.0" encoding="UTF-8"?>
<!-- Generated by org.testng.reporters.JUnitReportReporter -->
<testsuite hostname="DESKTOP-VET6UUR" failures="0" tests="1" name="test.BaseClass" time="3.270" errors="0" timestamp="2022-08-27T23:30:04 IST" skipped="0">
  <testcase classname="test.BaseClass" name="internetOffTest" time="3.270"/>
  <system-out/>
</testsuite> <!-- test.BaseClass -->
