<?xml version="1.0" encoding="UTF-8"?>
<!-- Generated by org.testng.reporters.JUnitReportReporter -->
<testsuite hostname="DESKTOP-VET6UUR" failures="0" tests="1" name="test.BaseClass" time="96.358" errors="0" timestamp="2022-10-22T12:35:47 IST" skipped="0">
  <testcase classname="test.BaseClass" name="StartSchedualMatch" time="96.358"/>
  <system-out/>
</testsuite> <!-- test.BaseClass -->
