<?xml version="1.0" encoding="UTF-8"?>
<!-- Generated by org.testng.reporters.JUnitReportReporter -->
<testsuite hostname="DESKTOP-VET6UUR" failures="0" tests="1" name="test.BaseClass" time="100.767" errors="0" timestamp="2022-11-05T16:07:01 IST" skipped="0">
  <testcase classname="test.BaseClass" name="CreateGroup" time="100.767"/>
  <system-out/>
</testsuite> <!-- test.BaseClass -->
