<?xml version="1.0" encoding="UTF-8"?>
<!-- Generated by org.testng.reporters.JUnitReportReporter -->
<testsuite hostname="DESKTOP-VET6UUR" failures="0" tests="1" name="test.BaseClass" time="412.107" errors="0" timestamp="2022-11-23T23:09:45 IST" skipped="0">
  <testcase classname="test.BaseClass" name="PlayMatch" time="412.107"/>
  <system-out/>
</testsuite> <!-- test.BaseClass -->
