<?xml version="1.0" encoding="UTF-8"?>
<!-- Generated by org.testng.reporters.JUnitReportReporter -->
<testsuite hostname="DESKTOP-VET6UUR" failures="0" tests="1" name="test.BaseClass" time="39.437" errors="0" timestamp="2022-11-13T11:32:11 IST" skipped="0">
  <testcase classname="test.BaseClass" name="CreateTournamentPhotoImageSizeValidation" time="39.437"/>
  <system-out/>
</testsuite> <!-- test.BaseClass -->
