<?xml version="1.0" encoding="UTF-8"?>
<!-- Generated by org.testng.reporters.JUnitReportReporter -->
<testsuite hostname="DESKTOP-VET6UUR" failures="0" tests="1" name="test.BaseClass" time="95.818" errors="0" timestamp="2022-12-11T18:59:13 IST" skipped="0">
  <testcase classname="test.BaseClass" name="PlayMatchWithNBRuns" time="95.818"/>
  <system-out/>
</testsuite> <!-- test.BaseClass -->
